<?xml version="1.0" encoding="UTF-8"?>
<!-- Generated by org.testng.reporters.JUnitXMLReporter -->
<testsuite ignored="0" hostname="user1" failures="0" tests="3" name="Test" time="33.261" errors="0" timestamp="2022-12-07T18:15:53 IST">
  <testcase classname="test.TestActitimeInvalidLogin" name="invalidlogin" time="18.087"/>
  <testcase classname="test.TestActitimeLogout" name="logOut" time="1.535"/>
  <testcase classname="test.TestActitimeValidLogin" name="testValidLogin" time="0.259"/>
</testsuite> <!-- Test -->
