<?xml version="1.0" encoding="UTF-8"?>
<testng-results ignored="0" total="3" passed="3" failed="0" skipped="0">
  <reporter-output>
    <line>
      <![CDATA[the test has been started]]>
    </line>
    <line>
      <![CDATA[the test has been started]]>
    </line>
    <line>
      <![CDATA[the test has been started]]>
    </line>
  </reporter-output>
  <suite started-at="2022-12-07T18:15:20 IST" name="Suite" finished-at="2022-12-07T18:15:53 IST" duration-ms="33261">
    <groups>
    </groups>
    <test started-at="2022-12-07T18:15:20 IST" name="Test" finished-at="2022-12-07T18:15:53 IST" duration-ms="33261">
      <class name="test.TestActitimeLogout">
        <test-method is-config="true" signature="setUP()[pri:0, instance:test.TestActitimeLogout@3d5c822d]" started-at="2022-12-07T18:15:43 IST" name="setUP" finished-at="2022-12-07T18:15:46 IST" duration-ms="3448" status="PASS">
          <reporter-output>
          </reporter-output>
        </test-method> <!-- setUP -->
        <test-method signature="logOut()[pri:0, instance:test.TestActitimeLogout@3d5c822d]" started-at="2022-12-07T18:15:46 IST" name="logOut" finished-at="2022-12-07T18:15:48 IST" duration-ms="1535" status="PASS">
          <reporter-output>
            <line>
              <![CDATA[the test has been started]]>
            </line>
          </reporter-output>
        </test-method> <!-- logOut -->
        <test-method is-config="true" signature="tearDown()[pri:0, instance:test.TestActitimeLogout@3d5c822d]" started-at="2022-12-07T18:15:48 IST" name="tearDown" finished-at="2022-12-07T18:15:49 IST" duration-ms="667" status="PASS">
          <reporter-output>
          </reporter-output>
        </test-method> <!-- tearDown -->
      </class> <!-- test.TestActitimeLogout -->
      <class name="test.TestActitimeInvalidLogin">
        <test-method is-config="true" signature="setUP()[pri:0, instance:test.TestActitimeInvalidLogin@be35cd9]" started-at="2022-12-07T18:15:20 IST" name="setUP" finished-at="2022-12-07T18:15:24 IST" duration-ms="4295" status="PASS">
          <reporter-output>
          </reporter-output>
        </test-method> <!-- setUP -->
        <test-method signature="invalidlogin()[pri:0, instance:test.TestActitimeInvalidLogin@be35cd9]" started-at="2022-12-07T18:15:24 IST" name="invalidlogin" finished-at="2022-12-07T18:15:42 IST" duration-ms="18087" status="PASS">
          <reporter-output>
            <line>
              <![CDATA[the test has been started]]>
            </line>
          </reporter-output>
        </test-method> <!-- invalidlogin -->
        <test-method is-config="true" signature="tearDown()[pri:0, instance:test.TestActitimeInvalidLogin@be35cd9]" started-at="2022-12-07T18:15:42 IST" name="tearDown" finished-at="2022-12-07T18:15:43 IST" duration-ms="654" status="PASS">
          <reporter-output>
          </reporter-output>
        </test-method> <!-- tearDown -->
      </class> <!-- test.TestActitimeInvalidLogin -->
      <class name="test.TestActitimeValidLogin">
        <test-method is-config="true" signature="setUP()[pri:0, instance:test.TestActitimeValidLogin@6f46426d]" started-at="2022-12-07T18:15:49 IST" name="setUP" finished-at="2022-12-07T18:15:52 IST" duration-ms="3597" status="PASS">
          <reporter-output>
          </reporter-output>
        </test-method> <!-- setUP -->
        <test-method signature="testValidLogin()[pri:0, instance:test.TestActitimeValidLogin@6f46426d]" started-at="2022-12-07T18:15:52 IST" name="testValidLogin" finished-at="2022-12-07T18:15:52 IST" duration-ms="259" status="PASS">
          <reporter-output>
            <line>
              <![CDATA[the test has been started]]>
            </line>
          </reporter-output>
        </test-method> <!-- testValidLogin -->
        <test-method is-config="true" signature="tearDown()[pri:0, instance:test.TestActitimeValidLogin@6f46426d]" started-at="2022-12-07T18:15:52 IST" name="tearDown" finished-at="2022-12-07T18:15:53 IST" duration-ms="639" status="PASS">
          <reporter-output>
          </reporter-output>
        </test-method> <!-- tearDown -->
      </class> <!-- test.TestActitimeValidLogin -->
    </test> <!-- Test -->
  </suite> <!-- Suite -->
</testng-results>
